<?xml version="1.0" encoding="UTF-8"?>
<!-- Generated by org.testng.reporters.JUnitReportReporter -->
<testsuite hostname="DESKTOP-7FBLK16" failures="0" tests="1" name="regression.Tc001" time="10.448" errors="0" timestamp="2025-03-31T12:31:11 IST" skipped="0">
  <testcase classname="regression.Tc001" name="tc001" time="10.448"/>
  <system-out/>
</testsuite> <!-- regression.Tc001 -->
